<?xml version="1.0" encoding="UTF-8"?>
<!-- Generated by org.testng.reporters.JUnitReportReporter -->
<testsuite hostname="LHTU05CG62521V7" name="tests.TestCase_Three" tests="1" failures="0" timestamp="10 Jan 2020 13:47:08 GMT" time="0.012" errors="0">
  <testcase name="enter" time="0.012" classname="tests.TestCase_Three"/>
</testsuite> <!-- tests.TestCase_Three -->
