<?xml version="1.0" encoding="UTF-8"?>
<!-- Generated by org.testng.reporters.JUnitReportReporter -->
<testsuite hostname="LHTU05CG62521V7" name="tests.TestCase_Second" tests="1" failures="0" timestamp="10 Jan 2020 13:47:08 GMT" time="0.002" errors="0">
  <testcase name="printInfo" time="0.002" classname="tests.TestCase_Second"/>
</testsuite> <!-- tests.TestCase_Second -->
