<?xml version="1.0" encoding="UTF-8"?>
<!-- Generated by org.testng.reporters.JUnitReportReporter -->
<testsuite hostname="LHTU05CG62521V7" name="tests.TestCase_One" tests="1" failures="0" timestamp="10 Jan 2020 15:11:34 GMT" time="0.340" errors="0">
  <testcase name="enterData" time="0.340" classname="tests.TestCase_One"/>
</testsuite> <!-- tests.TestCase_One -->
